
*** Running vivado
    with args -log workout_classifier_wrapper.vds -m64 -product Vivado -mode batch -messageDb vivado.pb -notrace -source workout_classifier_wrapper.tcl



****** Vivado v2025.2 (64-bit)
  **** SW Build 6299465 on Fri Nov 14 19:35:11 GMT 2025
  **** IP Build 6300035 on Fri Nov 14 10:48:45 MST 2025
  **** SharedData Build 6298862 on Thu Nov 13 04:50:51 MST 2025
  **** Start of session at: Mon Apr 20 20:34:57 2026
    ** Copyright 1986-2022 Xilinx, Inc. All Rights Reserved.
    ** Copyright 2022-2025 Advanced Micro Devices, Inc. All Rights Reserved.

source workout_classifier_wrapper.tcl -notrace
create_project: Time (s): cpu = 00:00:07 ; elapsed = 00:00:06 . Memory (MB): peak = 534.391 ; gain = 220.734
INFO: [IP_Flow 19-234] Refreshing IP repositories
INFO: [IP_Flow 19-1700] Loaded user IP repository 'z:/ece554_final_project/ip_repo/mlp_controller_1_0'.
INFO: [IP_Flow 19-2313] Loaded Vivado IP repository 'C:/AMDDesignTools/2025.2/Vivado/data/ip'.
update_ip_catalog: Time (s): cpu = 00:00:01 ; elapsed = 00:00:12 . Memory (MB): peak = 538.371 ; gain = 3.980
add_files: Time (s): cpu = 00:00:02 ; elapsed = 00:02:40 . Memory (MB): peak = 599.613 ; gain = 61.242
Command: read_checkpoint -auto_incremental -incremental Z:/ece554_final_project/workout_classifier/workout_classifier.srcs/utils_1/imports/synth_1/workout_classifier_wrapper.dcp
INFO: [Vivado 12-5825] Read reference checkpoint from Z:/ece554_final_project/workout_classifier/workout_classifier.srcs/utils_1/imports/synth_1/workout_classifier_wrapper.dcp for incremental synthesis
INFO: [Vivado 12-7989] Please ensure there are no constraint changes
Command: synth_design -top workout_classifier_wrapper -part xczu3eg-sfvc784-2-e
Starting synth_design
Attempting to get a license for feature 'Synthesis' and/or device 'xczu3eg'
INFO: [Common 17-349] Got license for feature 'Synthesis' and/or device 'xczu3eg'
INFO: [Device 21-403] Loading part xczu3eg-sfvc784-2-e
INFO: [Designutils 20-5440] No compile time benefit to using incremental synthesis; A full resynthesis will be run
INFO: [Designutils 20-4379] Flow is switching to default flow due to incremental criteria not met. If you would like to alter this behaviour and have the flow terminate instead, please set the following parameter config_implementation {autoIncr.Synth.RejectBehavior Terminate}
INFO: [Synth 8-7079] Multithreading enabled for synth_design using a maximum of 2 processes.
INFO: [Synth 8-7078] Launching helper process for spawning children vivado processes
INFO: [Synth 8-7075] Helper process launched with PID 6428
---------------------------------------------------------------------------------
Starting RTL Elaboration : Time (s): cpu = 00:00:03 ; elapsed = 00:00:07 . Memory (MB): peak = 1796.770 ; gain = 207.207
---------------------------------------------------------------------------------
INFO: [Synth 8-6157] synthesizing module 'workout_classifier_wrapper' [Z:/ece554_final_project/workout_classifier/workout_classifier.gen/sources_1/bd/workout_classifier/hdl/workout_classifier_wrapper.v:13]
INFO: [Synth 8-6157] synthesizing module 'workout_classifier' [z:/ece554_final_project/workout_classifier/workout_classifier.gen/sources_1/bd/workout_classifier/synth/workout_classifier.v:13]
INFO: [Synth 8-6157] synthesizing module 'workout_classifier_axi_smc_0' [Z:/ece554_final_project/workout_classifier/workout_classifier.runs/synth_1/.Xil/Vivado-33328-Madis_ThinkPad/realtime/workout_classifier_axi_smc_0_stub.v:6]
INFO: [Synth 8-6155] done synthesizing module 'workout_classifier_axi_smc_0' (0#1) [Z:/ece554_final_project/workout_classifier/workout_classifier.runs/synth_1/.Xil/Vivado-33328-Madis_ThinkPad/realtime/workout_classifier_axi_smc_0_stub.v:6]
INFO: [Synth 8-6157] synthesizing module 'workout_classifier_mlp_controller_0_2' [Z:/ece554_final_project/workout_classifier/workout_classifier.runs/synth_1/.Xil/Vivado-33328-Madis_ThinkPad/realtime/workout_classifier_mlp_controller_0_2_stub.v:6]
INFO: [Synth 8-6155] done synthesizing module 'workout_classifier_mlp_controller_0_2' (0#1) [Z:/ece554_final_project/workout_classifier/workout_classifier.runs/synth_1/.Xil/Vivado-33328-Madis_ThinkPad/realtime/workout_classifier_mlp_controller_0_2_stub.v:6]
INFO: [Synth 8-6157] synthesizing module 'workout_classifier_rst_ps8_0_96M_0' [Z:/ece554_final_project/workout_classifier/workout_classifier.runs/synth_1/.Xil/Vivado-33328-Madis_ThinkPad/realtime/workout_classifier_rst_ps8_0_96M_0_stub.v:6]
INFO: [Synth 8-6155] done synthesizing module 'workout_classifier_rst_ps8_0_96M_0' (0#1) [Z:/ece554_final_project/workout_classifier/workout_classifier.runs/synth_1/.Xil/Vivado-33328-Madis_ThinkPad/realtime/workout_classifier_rst_ps8_0_96M_0_stub.v:6]
WARNING: [Synth 8-7071] port 'mb_reset' of module 'workout_classifier_rst_ps8_0_96M_0' is unconnected for instance 'rst_ps8_0_96M' [z:/ece554_final_project/workout_classifier/workout_classifier.gen/sources_1/bd/workout_classifier/synth/workout_classifier.v:162]
WARNING: [Synth 8-7071] port 'bus_struct_reset' of module 'workout_classifier_rst_ps8_0_96M_0' is unconnected for instance 'rst_ps8_0_96M' [z:/ece554_final_project/workout_classifier/workout_classifier.gen/sources_1/bd/workout_classifier/synth/workout_classifier.v:162]
WARNING: [Synth 8-7071] port 'peripheral_reset' of module 'workout_classifier_rst_ps8_0_96M_0' is unconnected for instance 'rst_ps8_0_96M' [z:/ece554_final_project/workout_classifier/workout_classifier.gen/sources_1/bd/workout_classifier/synth/workout_classifier.v:162]
WARNING: [Synth 8-7071] port 'interconnect_aresetn' of module 'workout_classifier_rst_ps8_0_96M_0' is unconnected for instance 'rst_ps8_0_96M' [z:/ece554_final_project/workout_classifier/workout_classifier.gen/sources_1/bd/workout_classifier/synth/workout_classifier.v:162]
WARNING: [Synth 8-7023] instance 'rst_ps8_0_96M' of module 'workout_classifier_rst_ps8_0_96M_0' has 10 connections declared, but only 6 given [z:/ece554_final_project/workout_classifier/workout_classifier.gen/sources_1/bd/workout_classifier/synth/workout_classifier.v:162]
INFO: [Synth 8-6157] synthesizing module 'workout_classifier_zynq_ultra_ps_e_0_0' [Z:/ece554_final_project/workout_classifier/workout_classifier.runs/synth_1/.Xil/Vivado-33328-Madis_ThinkPad/realtime/workout_classifier_zynq_ultra_ps_e_0_0_stub.v:6]
INFO: [Synth 8-6155] done synthesizing module 'workout_classifier_zynq_ultra_ps_e_0_0' (0#1) [Z:/ece554_final_project/workout_classifier/workout_classifier.runs/synth_1/.Xil/Vivado-33328-Madis_ThinkPad/realtime/workout_classifier_zynq_ultra_ps_e_0_0_stub.v:6]
INFO: [Synth 8-6155] done synthesizing module 'workout_classifier' (0#1) [z:/ece554_final_project/workout_classifier/workout_classifier.gen/sources_1/bd/workout_classifier/synth/workout_classifier.v:13]
INFO: [Synth 8-6155] done synthesizing module 'workout_classifier_wrapper' (0#1) [Z:/ece554_final_project/workout_classifier/workout_classifier.gen/sources_1/bd/workout_classifier/hdl/workout_classifier_wrapper.v:13]
---------------------------------------------------------------------------------
Finished RTL Elaboration : Time (s): cpu = 00:00:04 ; elapsed = 00:00:27 . Memory (MB): peak = 1921.715 ; gain = 332.152
---------------------------------------------------------------------------------
---------------------------------------------------------------------------------
Start Handling Custom Attributes
---------------------------------------------------------------------------------
---------------------------------------------------------------------------------
Finished Handling Custom Attributes : Time (s): cpu = 00:00:05 ; elapsed = 00:00:27 . Memory (MB): peak = 1921.715 ; gain = 332.152
---------------------------------------------------------------------------------
---------------------------------------------------------------------------------
Finished RTL Optimization Phase 1 : Time (s): cpu = 00:00:05 ; elapsed = 00:00:27 . Memory (MB): peak = 1921.715 ; gain = 332.152
---------------------------------------------------------------------------------
Netlist sorting complete. Time (s): cpu = 00:00:00 ; elapsed = 00:00:00.009 . Memory (MB): peak = 1921.715 ; gain = 0.000
INFO: [Project 1-570] Preparing netlist for logic optimization

Processing XDC Constraints
Initializing timing engine
Parsing XDC File [z:/ece554_final_project/workout_classifier/workout_classifier.gen/sources_1/bd/workout_classifier/ip/workout_classifier_zynq_ultra_ps_e_0_0/workout_classifier_zynq_ultra_ps_e_0_0/workout_classifier_zynq_ultra_ps_e_0_0_in_context.xdc] for cell 'workout_classifier_i/zynq_ultra_ps_e_0'
Finished Parsing XDC File [z:/ece554_final_project/workout_classifier/workout_classifier.gen/sources_1/bd/workout_classifier/ip/workout_classifier_zynq_ultra_ps_e_0_0/workout_classifier_zynq_ultra_ps_e_0_0/workout_classifier_zynq_ultra_ps_e_0_0_in_context.xdc] for cell 'workout_classifier_i/zynq_ultra_ps_e_0'
Parsing XDC File [z:/ece554_final_project/workout_classifier/workout_classifier.gen/sources_1/bd/workout_classifier/ip/workout_classifier_axi_smc_0/workout_classifier_axi_smc_0/workout_classifier_axi_smc_0_in_context.xdc] for cell 'workout_classifier_i/axi_smc'
Finished Parsing XDC File [z:/ece554_final_project/workout_classifier/workout_classifier.gen/sources_1/bd/workout_classifier/ip/workout_classifier_axi_smc_0/workout_classifier_axi_smc_0/workout_classifier_axi_smc_0_in_context.xdc] for cell 'workout_classifier_i/axi_smc'
Parsing XDC File [z:/ece554_final_project/workout_classifier/workout_classifier.gen/sources_1/bd/workout_classifier/ip/workout_classifier_rst_ps8_0_96M_0/workout_classifier_rst_ps8_0_96M_0/workout_classifier_rst_ps8_0_96M_0_in_context.xdc] for cell 'workout_classifier_i/rst_ps8_0_96M'
Finished Parsing XDC File [z:/ece554_final_project/workout_classifier/workout_classifier.gen/sources_1/bd/workout_classifier/ip/workout_classifier_rst_ps8_0_96M_0/workout_classifier_rst_ps8_0_96M_0/workout_classifier_rst_ps8_0_96M_0_in_context.xdc] for cell 'workout_classifier_i/rst_ps8_0_96M'
Parsing XDC File [z:/ece554_final_project/workout_classifier/workout_classifier.gen/sources_1/bd/workout_classifier/ip/workout_classifier_mlp_controller_0_2/workout_classifier_mlp_controller_0_2/workout_classifier_mlp_controller_0_2_in_context.xdc] for cell 'workout_classifier_i/mlp_controller_0'
Finished Parsing XDC File [z:/ece554_final_project/workout_classifier/workout_classifier.gen/sources_1/bd/workout_classifier/ip/workout_classifier_mlp_controller_0_2/workout_classifier_mlp_controller_0_2/workout_classifier_mlp_controller_0_2_in_context.xdc] for cell 'workout_classifier_i/mlp_controller_0'
Parsing XDC File [Z:/ece554_final_project/workout_classifier/workout_classifier.runs/synth_1/dont_touch.xdc]
Finished Parsing XDC File [Z:/ece554_final_project/workout_classifier/workout_classifier.runs/synth_1/dont_touch.xdc]
Completed Processing XDC Constraints

Netlist sorting complete. Time (s): cpu = 00:00:00 ; elapsed = 00:00:00 . Memory (MB): peak = 1926.879 ; gain = 0.000
INFO: [Project 1-111] Unisim Transformation Summary:
No Unisim elements were transformed.

Constraint Validation Runtime : Time (s): cpu = 00:00:00 ; elapsed = 00:00:00.051 . Memory (MB): peak = 1926.879 ; gain = 0.000
INFO: [Designutils 20-5440] No compile time benefit to using incremental synthesis; A full resynthesis will be run
INFO: [Designutils 20-4379] Flow is switching to default flow due to incremental criteria not met. If you would like to alter this behaviour and have the flow terminate instead, please set the following parameter config_implementation {autoIncr.Synth.RejectBehavior Terminate}
---------------------------------------------------------------------------------
Finished Constraint Validation : Time (s): cpu = 00:00:14 ; elapsed = 00:01:13 . Memory (MB): peak = 1926.879 ; gain = 337.316
---------------------------------------------------------------------------------
---------------------------------------------------------------------------------
Start Loading Part and Timing Information
---------------------------------------------------------------------------------
Loading part: xczu3eg-sfvc784-2-e
INFO: [Synth 8-6742] Reading net delay rules and data
---------------------------------------------------------------------------------
Finished Loading Part and Timing Information : Time (s): cpu = 00:00:14 ; elapsed = 00:01:13 . Memory (MB): peak = 1926.879 ; gain = 337.316
---------------------------------------------------------------------------------
---------------------------------------------------------------------------------
Start Applying 'set_property' XDC Constraints
---------------------------------------------------------------------------------
---------------------------------------------------------------------------------
Finished applying 'set_property' XDC Constraints : Time (s): cpu = 00:00:14 ; elapsed = 00:01:14 . Memory (MB): peak = 1926.879 ; gain = 337.316
---------------------------------------------------------------------------------
---------------------------------------------------------------------------------
Finished RTL Optimization Phase 2 : Time (s): cpu = 00:00:14 ; elapsed = 00:01:32 . Memory (MB): peak = 1926.879 ; gain = 337.316
---------------------------------------------------------------------------------
---------------------------------------------------------------------------------
Start RTL Component Statistics 
---------------------------------------------------------------------------------
Detailed RTL Component Info : 
---------------------------------------------------------------------------------
Finished RTL Component Statistics 
---------------------------------------------------------------------------------
---------------------------------------------------------------------------------
Start Part Resource Summary
---------------------------------------------------------------------------------
Part Resources:
DSPs: 360 (col length:72)
BRAMs: 432 (col length: RAMB18 72 RAMB36 36)
---------------------------------------------------------------------------------
Finished Part Resource Summary
---------------------------------------------------------------------------------
---------------------------------------------------------------------------------
Start Cross Boundary and Area Optimization
---------------------------------------------------------------------------------
---------------------------------------------------------------------------------
Finished Cross Boundary and Area Optimization : Time (s): cpu = 00:00:15 ; elapsed = 00:01:56 . Memory (MB): peak = 1941.172 ; gain = 351.609
---------------------------------------------------------------------------------
---------------------------------------------------------------------------------
Start Applying XDC Timing Constraints
---------------------------------------------------------------------------------
---------------------------------------------------------------------------------
Finished Applying XDC Timing Constraints : Time (s): cpu = 00:00:22 ; elapsed = 00:02:04 . Memory (MB): peak = 2633.840 ; gain = 1044.277
---------------------------------------------------------------------------------
---------------------------------------------------------------------------------
Start Timing Optimization
---------------------------------------------------------------------------------
---------------------------------------------------------------------------------
Finished Timing Optimization : Time (s): cpu = 00:00:22 ; elapsed = 00:02:04 . Memory (MB): peak = 2633.840 ; gain = 1044.277
---------------------------------------------------------------------------------
---------------------------------------------------------------------------------
Start Technology Mapping
---------------------------------------------------------------------------------
---------------------------------------------------------------------------------
Finished Technology Mapping : Time (s): cpu = 00:00:22 ; elapsed = 00:02:04 . Memory (MB): peak = 2643.668 ; gain = 1054.105
---------------------------------------------------------------------------------
---------------------------------------------------------------------------------
Start IO Insertion
---------------------------------------------------------------------------------
---------------------------------------------------------------------------------
Start Flattening Before IO Insertion
---------------------------------------------------------------------------------
---------------------------------------------------------------------------------
Finished Flattening Before IO Insertion
---------------------------------------------------------------------------------
---------------------------------------------------------------------------------
Start Final Netlist Cleanup
---------------------------------------------------------------------------------
---------------------------------------------------------------------------------
Finished Final Netlist Cleanup
---------------------------------------------------------------------------------
---------------------------------------------------------------------------------
Finished IO Insertion : Time (s): cpu = 00:00:25 ; elapsed = 00:02:07 . Memory (MB): peak = 2894.402 ; gain = 1304.840
---------------------------------------------------------------------------------
---------------------------------------------------------------------------------
Start Renaming Generated Instances
---------------------------------------------------------------------------------
---------------------------------------------------------------------------------
Finished Renaming Generated Instances : Time (s): cpu = 00:00:25 ; elapsed = 00:02:07 . Memory (MB): peak = 2894.402 ; gain = 1304.840
---------------------------------------------------------------------------------
---------------------------------------------------------------------------------
Start Rebuilding User Hierarchy
---------------------------------------------------------------------------------
---------------------------------------------------------------------------------
Finished Rebuilding User Hierarchy : Time (s): cpu = 00:00:25 ; elapsed = 00:02:08 . Memory (MB): peak = 2894.402 ; gain = 1304.840
---------------------------------------------------------------------------------
---------------------------------------------------------------------------------
Start Renaming Generated Ports
---------------------------------------------------------------------------------
---------------------------------------------------------------------------------
Finished Renaming Generated Ports : Time (s): cpu = 00:00:25 ; elapsed = 00:02:08 . Memory (MB): peak = 2894.402 ; gain = 1304.840
---------------------------------------------------------------------------------
---------------------------------------------------------------------------------
Start Handling Custom Attributes
---------------------------------------------------------------------------------
---------------------------------------------------------------------------------
Finished Handling Custom Attributes : Time (s): cpu = 00:00:25 ; elapsed = 00:02:08 . Memory (MB): peak = 2894.402 ; gain = 1304.840
---------------------------------------------------------------------------------
---------------------------------------------------------------------------------
Start Renaming Generated Nets
---------------------------------------------------------------------------------
---------------------------------------------------------------------------------
Finished Renaming Generated Nets : Time (s): cpu = 00:00:25 ; elapsed = 00:02:08 . Memory (MB): peak = 2894.402 ; gain = 1304.840
---------------------------------------------------------------------------------
---------------------------------------------------------------------------------
Start Writing Synthesis Report
---------------------------------------------------------------------------------

Report BlackBoxes: 
+------+---------------------------------------+----------+
|      |BlackBox name                          |Instances |
+------+---------------------------------------+----------+
|1     |workout_classifier_axi_smc_0           |         1|
|2     |workout_classifier_mlp_controller_0_2  |         1|
|3     |workout_classifier_rst_ps8_0_96M_0     |         1|
|4     |workout_classifier_zynq_ultra_ps_e_0_0 |         1|
+------+---------------------------------------+----------+

Report Cell Usage: 
+------+-------------------------------------+------+
|      |Cell                                 |Count |
+------+-------------------------------------+------+
|1     |workout_classifier_axi_smc           |     1|
|2     |workout_classifier_mlp_controller_0  |     1|
|3     |workout_classifier_rst_ps8_0_96M     |     1|
|4     |workout_classifier_zynq_ultra_ps_e_0 |     1|
+------+-------------------------------------+------+
---------------------------------------------------------------------------------
Finished Writing Synthesis Report : Time (s): cpu = 00:00:25 ; elapsed = 00:02:08 . Memory (MB): peak = 2894.402 ; gain = 1304.840
---------------------------------------------------------------------------------
Synthesis finished with 0 errors, 0 critical warnings and 0 warnings.
Synthesis Optimization Runtime : Time (s): cpu = 00:00:16 ; elapsed = 00:01:41 . Memory (MB): peak = 2894.402 ; gain = 1299.676
Synthesis Optimization Complete : Time (s): cpu = 00:00:25 ; elapsed = 00:02:08 . Memory (MB): peak = 2894.402 ; gain = 1304.840
INFO: [Project 1-571] Translating synthesized netlist
Netlist sorting complete. Time (s): cpu = 00:00:00 ; elapsed = 00:00:00.003 . Memory (MB): peak = 2894.402 ; gain = 0.000
INFO: [Project 1-570] Preparing netlist for logic optimization
INFO: [Opt 31-138] Pushed 0 inverter(s) to 0 load pin(s).
Netlist sorting complete. Time (s): cpu = 00:00:00 ; elapsed = 00:00:00.001 . Memory (MB): peak = 2894.402 ; gain = 0.000
INFO: [Project 1-111] Unisim Transformation Summary:
No Unisim elements were transformed.

Synth Design complete | Checksum: 2de74db8
INFO: [Common 17-83] Releasing license: Synthesis
34 Infos, 5 Warnings, 0 Critical Warnings and 0 Errors encountered.
synth_design completed successfully
synth_design: Time (s): cpu = 00:00:30 ; elapsed = 00:02:37 . Memory (MB): peak = 2894.402 ; gain = 2294.789
INFO: [Common 17-1381] The checkpoint 'Z:/ece554_final_project/workout_classifier/workout_classifier.runs/synth_1/workout_classifier_wrapper.dcp' has been generated.
write_checkpoint: Time (s): cpu = 00:00:00 ; elapsed = 00:00:14 . Memory (MB): peak = 2894.402 ; gain = 0.000
INFO: [Vivado 12-24828] Executing command : report_utilization -file workout_classifier_wrapper_utilization_synth.rpt -pb workout_classifier_wrapper_utilization_synth.pb
INFO: [Common 17-206] Exiting Vivado at Mon Apr 20 20:40:55 2026...
